<?xml version="1.0" encoding="UTF-8"?>
<!-- Generated by org.testng.reporters.JUnitXMLReporter -->
<testsuite hostname="3c22fbce4ce3.ant.amazon.com" failures="0" tests="20" name="Regression Tests" time="363.285" errors="0" timestamp="3 Oct 2021 00:09:06 GMT">
  <testcase classname="org.mytests.Tests" name="checkIfComputersLinkTextIsPresent" time="0.775"/>
  <testcase classname="org.mytests.Tests" name="addComputerAndCheckByClickingNext" time="60.004"/>
  <testcase classname="org.mytests.Tests" name="addAndSearchComputer" time="4.416"/>
  <testcase classname="org.mytests.Tests" name="checkIfTableHeadersAreCorrect" time="0.177"/>
  <testcase classname="org.mytests.Tests" name="checkIfComputerCountMatchesTheNumberOfEntriesInTheTable" time="80.213"/>
  <testcase classname="org.mytests.Tests" name="addComputerWithoutProvidingComputerName" time="2.471"/>
  <testcase classname="org.mytests.Tests" name="addComputerWithBlankComputerName" time="2.467"/>
  <testcase classname="org.mytests.Tests" name="addComputerWithNonASCIIComputerName" time="2.942"/>
  <testcase classname="org.mytests.Tests" name="addComputerDetailsHitCancelAndSearchComputer" time="3.106"/>
  <testcase classname="org.mytests.Tests" name="addComputerWithInvalidDateFormatForIntroduced" time="2.51"/>
  <testcase classname="org.mytests.Tests" name="addComputerWithInvalidDateMonthForIntroduced" time="2.485"/>
  <testcase classname="org.mytests.Tests" name="addComputerWithInvalidDateDayForIntroduced" time="2.503"/>
  <testcase classname="org.mytests.Tests" name="addComputerWithInvalidDateYearForIntroduced" time="2.514"/>
  <testcase classname="org.mytests.Tests" name="addComputerWithInvalidDateFormatForDiscontinued" time="2.472"/>
  <testcase classname="org.mytests.Tests" name="addComputerWithInvalidDateMonthForDiscontinued" time="2.475"/>
  <testcase classname="org.mytests.Tests" name="addComputerWithInvalidDateDayForDiscontinued" time="2.484"/>
  <testcase classname="org.mytests.Tests" name="addComputerWithInvalidDateYearForDiscontinued" time="2.499"/>
  <testcase classname="org.mytests.Tests" name="checkScrollingBack" time="162.475"/>
  <testcase classname="org.mytests.Tests" name="checkAddAndDelete" time="6.91"/>
  <testcase classname="org.mytests.Tests" name="checkAddAndUpdate" time="7.87"/>
</testsuite> <!-- Regression Tests -->
